<?xml version="1.0" encoding="UTF-8"?>
<testsuite xmlns:xsi="http://www.w3.org/2001/XMLSchema-instance" xsi:noNamespaceSchemaLocation="https://maven.apache.org/surefire/maven-surefire-plugin/xsd/surefire-test-report-3.0.xsd" version="3.0" name="com.microservices.basket.service.BasketServiceTests" time="0.537" tests="3" errors="0" skipped="0" failures="0">
  <properties>
[...]
</properties>
  <testcase name="testRemoveItemFromBasket" classname="com.microservices.basket.service.BasketServiceTests" time="0.517">
    <system-out><![CDATA[2024-07-20T03:49:45.004+02:00 DEBUG 18292 --- [basket-service] [           main] c.m.basket.service.BasketService         : Removing item from basket: userId=user1, ISBN=12345
2024-07-20T03:49:45.005+02:00 DEBUG 18292 --- [basket-service] [           main] c.m.basket.service.BasketService         : Item removed from basket successfully: Basket(id=null, userId=user1, items=[])
2024-07-20T03:49:45.005+02:00 DEBUG 18292 --- [basket-service] [           main] c.m.basket.service.BasketService         : Decreasing inventory for URL: http://api-gateway:9001/api/inventory/reduce/12345?quantity=-1
2024-07-20T03:49:45.015+02:00 DEBUG 18292 --- [basket-service] [           main] c.m.basket.service.BasketService         : Inventory decreased for ISBN=12345, Quantity=1
]]></system-out>
  </testcase>
  <testcase name="testAddItemToBasket" classname="com.microservices.basket.service.BasketServiceTests" time="0.008">
    <system-out><![CDATA[2024-07-20T03:49:45.023+02:00 DEBUG 18292 --- [basket-service] [           main] c.m.basket.service.BasketService         : Adding item to basket: userId=user1, ISBN=12345, Quantity=2
2024-07-20T03:49:45.024+02:00 DEBUG 18292 --- [basket-service] [           main] c.m.basket.service.BasketService         : Checking stock for URL: http://api-gateway:9001/api/inventory/12345?quantity=2
2024-07-20T03:49:45.024+02:00 DEBUG 18292 --- [basket-service] [           main] c.m.basket.service.BasketService         : Stock check result for ISBN=12345, Quantity=2 : true
2024-07-20T03:49:45.024+02:00 DEBUG 18292 --- [basket-service] [           main] c.m.basket.service.BasketService         : Item added to basket successfully: Basket(id=null, userId=user1, items=[com.microservices.basket.model.BasketItem@32f0a9c2])
2024-07-20T03:49:45.025+02:00 DEBUG 18292 --- [basket-service] [           main] c.m.basket.service.BasketService         : Decreasing inventory for URL: http://api-gateway:9001/api/inventory/reduce/12345?quantity=2
2024-07-20T03:49:45.025+02:00 DEBUG 18292 --- [basket-service] [           main] c.m.basket.service.BasketService         : Inventory decreased for ISBN=12345, Quantity=2
]]></system-out>
  </testcase>
  <testcase name="testGetBasket" classname="com.microservices.basket.service.BasketServiceTests" time="0.004">
    <system-out><![CDATA[2024-07-20T03:49:45.031+02:00 DEBUG 18292 --- [basket-service] [           main] c.m.basket.service.BasketService         : Getting basket for userId: user1
]]></system-out>
  </testcase>
</testsuite>