<?xml version="1.0" encoding="UTF-8"?>
<testsuite xmlns:xsi="http://www.w3.org/2001/XMLSchema-instance" xsi:noNamespaceSchemaLocation="https://maven.apache.org/surefire/maven-surefire-plugin/xsd/surefire-test-report-3.0.xsd" version="3.0" name="com.microservices.order.service.OrderServiceTests" time="0.324" tests="1" errors="0" skipped="0" failures="0">
  <properties>
[...]
</properties>
  <testcase name="testPlaceOrder" classname="com.microservices.order.service.OrderServiceTests" time="0.31">
    <system-out><![CDATA[2024-07-19T12:04:58.712+02:00  INFO 17371 --- [order-service] [           main] t.c.s.AnnotationConfigContextLoaderUtils : Could not detect default configuration classes for test class [com.microservices.order.service.OrderServiceTests]: OrderServiceTests does not declare any static, non-private, non-final, nested classes annotated with @Configuration.
2024-07-19T12:04:58.719+02:00  INFO 17371 --- [order-service] [           main] .b.t.c.SpringBootTestContextBootstrapper : Found @SpringBootConfiguration com.microservices.order.OrderServiceApplication for test class com.microservices.order.service.OrderServiceTests
2024-07-19T12:04:59.013+02:00  INFO 17371 --- [order-service] [           main] c.m.order.service.OrderService           : Sending message to RabbitMQ: user1@gmail.com;604b6279-7d86-4174-b3e1-9c5b91e21563
2024-07-19T12:04:59.013+02:00  INFO 17371 --- [order-service] [           main] c.m.order.service.OrderService           : Order placed successfully with order number: 604b6279-7d86-4174-b3e1-9c5b91e21563
]]></system-out>
  </testcase>
</testsuite>